Build started 11/23/2021 10:30:04 PM.
     1>Project "C:\Users\dujem\Documents\Visual Studio 2013\Projects\oop_vjezbe\vj3_zad4\vj3_zad4.vcxproj" on node 6 (Build target(s)).
     1>ClCompile:
         C:\Program Files (x86)\Microsoft Visual Studio 12.0\VC\bin\CL.exe /c /ZI /nologo /W3 /WX- /sdl /Od /Oy- /D WIN32 /D _DEBUG /D _CONSOLE /D _LIB /D _UNICODE /D UNICODE /Gm /EHsc /RTC1 /MDd /GS /fp:precise /Zc:wchar_t /Zc:forScope /Fo"Debug\\" /Fd"Debug\vc120.pdb" /Gd /TP /analyze- /errorReport:prompt Zadatak4.cpp
         Zadatak4.cpp
     1>c:\users\dujem\documents\visual studio 2013\projects\oop_vjezbe\vj3_zad4\zadatak4.cpp(1): fatal error C1083: Cannot open include file: 'MyVector.hpp': No such file or directory
     1>Done Building Project "C:\Users\dujem\Documents\Visual Studio 2013\Projects\oop_vjezbe\vj3_zad4\vj3_zad4.vcxproj" (Build target(s)) -- FAILED.

Build FAILED.

Time Elapsed 00:00:00.82
