Build started 11/23/2021 10:30:03 PM.
     1>Project "C:\Users\dujem\Documents\Visual Studio 2013\Projects\oop_vjezbe\v2_zad2\v2_zad2.vcxproj" on node 2 (Build target(s)).
     1>ClCompile:
         C:\Program Files (x86)\Microsoft Visual Studio 12.0\VC\bin\CL.exe /c /ZI /nologo /W3 /WX- /sdl /Od /Oy- /D WIN32 /D _DEBUG /D _CONSOLE /D _LIB /D _UNICODE /D UNICODE /Gm /EHsc /RTC1 /MDd /GS /fp:precise /Zc:wchar_t /Zc:forScope /Fo"Debug\\" /Fd"Debug\vc120.pdb" /Gd /TP /analyze- /errorReport:prompt Zadatak2.cpp
         Zadatak2.cpp
     1>c:\users\dujem\documents\visual studio 2013\projects\oop_vjezbe\v2_zad2\zadatak2.cpp(23): error C4700: uninitialized local variable 'arrRef' used
     1>Done Building Project "C:\Users\dujem\Documents\Visual Studio 2013\Projects\oop_vjezbe\v2_zad2\v2_zad2.vcxproj" (Build target(s)) -- FAILED.

Build FAILED.

Time Elapsed 00:00:01.96
